{"/home/evans/Desktop/To-Do_List/src/store.js": {"path":"/home/evans/Desktop/To-Do_List/src/store.js","statementMap":{"0":{"start":{"line":3,"column":4},"end":{"line":3,"column":19}},"1":{"start":{"line":7,"column":17},"end":{"line":7,"column":47}},"2":{"start":{"line":8,"column":4},"end":{"line":10,"column":5}},"3":{"start":{"line":9,"column":6},"end":{"line":9,"column":16}},"4":{"start":{"line":11,"column":4},"end":{"line":15,"column":5}},"5":{"start":{"line":12,"column":6},"end":{"line":12,"column":30}},"6":{"start":{"line":14,"column":6},"end":{"line":14,"column":16}},"7":{"start":{"line":19,"column":17},"end":{"line":19,"column":38}},"8":{"start":{"line":20,"column":4},"end":{"line":20,"column":41}}},"fnMap":{"0":{"name":"(anonymous_0)","decl":{"start":{"line":2,"column":2},"end":{"line":2,"column":3}},"loc":{"start":{"line":2,"column":19},"end":{"line":4,"column":3}},"line":2},"1":{"name":"(anonymous_1)","decl":{"start":{"line":6,"column":2},"end":{"line":6,"column":3}},"loc":{"start":{"line":6,"column":13},"end":{"line":16,"column":3}},"line":6},"2":{"name":"(anonymous_2)","decl":{"start":{"line":18,"column":2},"end":{"line":18,"column":3}},"loc":{"start":{"line":18,"column":18},"end":{"line":21,"column":3}},"line":18}},"branchMap":{"0":{"loc":{"start":{"line":8,"column":4},"end":{"line":10,"column":5}},"type":"if","locations":[{"start":{"line":8,"column":4},"end":{"line":10,"column":5}},{"start":{},"end":{}}],"line":8},"1":{"loc":{"start":{"line":8,"column":8},"end":{"line":8,"column":36}},"type":"binary-expr","locations":[{"start":{"line":8,"column":8},"end":{"line":8,"column":21}},{"start":{"line":8,"column":25},"end":{"line":8,"column":36}}],"line":8}},"s":{"0":11,"1":3,"2":3,"3":1,"4":2,"5":2,"6":1,"7":4,"8":4},"f":{"0":11,"1":3,"2":4},"b":{"0":[1,2],"1":[3,2]},"_coverageSchema":"1a1c01bbd47fc00a2c39e90264f33305004495a9","hash":"247fa052db2fcf1b2565ac07682b46fe4653f61a"}
,"/home/evans/Desktop/To-Do_List/src/task.js": {"path":"/home/evans/Desktop/To-Do_List/src/task.js","statementMap":{"0":{"start":{"line":6,"column":4},"end":{"line":6,"column":54}},"1":{"start":{"line":7,"column":4},"end":{"line":7,"column":56}},"2":{"start":{"line":8,"column":4},"end":{"line":8,"column":40}},"3":{"start":{"line":9,"column":4},"end":{"line":9,"column":20}},"4":{"start":{"line":10,"column":4},"end":{"line":10,"column":48}},"5":{"start":{"line":11,"column":4},"end":{"line":11,"column":50}},"6":{"start":{"line":12,"column":4},"end":{"line":12,"column":41}},"7":{"start":{"line":13,"column":4},"end":{"line":13,"column":66}},"8":{"start":{"line":15,"column":4},"end":{"line":15,"column":23}},"9":{"start":{"line":16,"column":4},"end":{"line":18,"column":5}},"10":{"start":{"line":17,"column":6},"end":{"line":17,"column":60}},"11":{"start":{"line":20,"column":4},"end":{"line":20,"column":22}},"12":{"start":{"line":24,"column":4},"end":{"line":26,"column":5}},"13":{"start":{"line":24,"column":17},"end":{"line":24,"column":18}},"14":{"start":{"line":25,"column":6},"end":{"line":25,"column":31}},"15":{"start":{"line":30,"column":20},"end":{"line":30,"column":45}},"16":{"start":{"line":31,"column":18},"end":{"line":31,"column":63}},"17":{"start":{"line":31,"column":46},"end":{"line":31,"column":62}},"18":{"start":{"line":32,"column":4},"end":{"line":32,"column":32}},"19":{"start":{"line":34,"column":4},"end":{"line":34,"column":36}},"20":{"start":{"line":35,"column":4},"end":{"line":35,"column":22}},"21":{"start":{"line":39,"column":4},"end":{"line":39,"column":34}},"22":{"start":{"line":40,"column":4},"end":{"line":92,"column":7}},"23":{"start":{"line":41,"column":26},"end":{"line":41,"column":63}},"24":{"start":{"line":42,"column":24},"end":{"line":42,"column":70}},"25":{"start":{"line":43,"column":28},"end":{"line":43,"column":72}},"26":{"start":{"line":44,"column":24},"end":{"line":44,"column":66}},"27":{"start":{"line":45,"column":23},"end":{"line":45,"column":73}},"28":{"start":{"line":47,"column":6},"end":{"line":51,"column":9}},"29":{"start":{"line":48,"column":8},"end":{"line":48,"column":35}},"30":{"start":{"line":49,"column":8},"end":{"line":49,"column":40}},"31":{"start":{"line":50,"column":8},"end":{"line":50,"column":42}},"32":{"start":{"line":53,"column":6},"end":{"line":55,"column":9}},"33":{"start":{"line":54,"column":8},"end":{"line":54,"column":33}},"34":{"start":{"line":57,"column":6},"end":{"line":60,"column":7}},"35":{"start":{"line":58,"column":8},"end":{"line":58,"column":43}},"36":{"start":{"line":59,"column":8},"end":{"line":59,"column":52}},"37":{"start":{"line":61,"column":6},"end":{"line":70,"column":7}},"38":{"start":{"line":62,"column":8},"end":{"line":62,"column":47}},"39":{"start":{"line":63,"column":8},"end":{"line":69,"column":9}},"40":{"start":{"line":64,"column":10},"end":{"line":64,"column":44}},"41":{"start":{"line":65,"column":10},"end":{"line":65,"column":42}},"42":{"start":{"line":67,"column":10},"end":{"line":67,"column":43}},"43":{"start":{"line":68,"column":10},"end":{"line":68,"column":43}},"44":{"start":{"line":72,"column":6},"end":{"line":76,"column":9}},"45":{"start":{"line":73,"column":8},"end":{"line":75,"column":9}},"46":{"start":{"line":74,"column":10},"end":{"line":74,"column":63}},"47":{"start":{"line":78,"column":6},"end":{"line":89,"column":9}},"48":{"start":{"line":79,"column":8},"end":{"line":79,"column":66}},"49":{"start":{"line":80,"column":8},"end":{"line":80,"column":44}},"50":{"start":{"line":81,"column":8},"end":{"line":81,"column":47}},"51":{"start":{"line":82,"column":8},"end":{"line":88,"column":9}},"52":{"start":{"line":83,"column":10},"end":{"line":83,"column":44}},"53":{"start":{"line":84,"column":10},"end":{"line":84,"column":42}},"54":{"start":{"line":86,"column":10},"end":{"line":86,"column":43}},"55":{"start":{"line":87,"column":10},"end":{"line":87,"column":43}},"56":{"start":{"line":91,"column":6},"end":{"line":91,"column":46}},"57":{"start":{"line":96,"column":4},"end":{"line":96,"column":75}},"58":{"start":{"line":97,"column":4},"end":{"line":97,"column":41}},"59":{"start":{"line":98,"column":4},"end":{"line":100,"column":13}},"60":{"start":{"line":99,"column":6},"end":{"line":99,"column":43}},"61":{"start":{"line":104,"column":4},"end":{"line":108,"column":5}},"62":{"start":{"line":105,"column":6},"end":{"line":105,"column":57}},"63":{"start":{"line":107,"column":6},"end":{"line":107,"column":18}},"64":{"start":{"line":110,"column":4},"end":{"line":110,"column":26}},"65":{"start":{"line":111,"column":4},"end":{"line":111,"column":36}},"66":{"start":{"line":112,"column":4},"end":{"line":112,"column":22}},"67":{"start":{"line":116,"column":18},"end":{"line":116,"column":64}},"68":{"start":{"line":116,"column":49},"end":{"line":116,"column":63}},"69":{"start":{"line":117,"column":4},"end":{"line":123,"column":5}},"70":{"start":{"line":118,"column":6},"end":{"line":118,"column":34}},"71":{"start":{"line":119,"column":6},"end":{"line":121,"column":7}},"72":{"start":{"line":119,"column":19},"end":{"line":119,"column":24}},"73":{"start":{"line":120,"column":8},"end":{"line":120,"column":33}},"74":{"start":{"line":122,"column":6},"end":{"line":122,"column":24}},"75":{"start":{"line":127,"column":27},"end":{"line":127,"column":71}},"76":{"start":{"line":127,"column":55},"end":{"line":127,"column":70}},"77":{"start":{"line":128,"column":4},"end":{"line":128,"column":21}},"78":{"start":{"line":130,"column":4},"end":{"line":130,"column":36}},"79":{"start":{"line":131,"column":4},"end":{"line":131,"column":22}},"80":{"start":{"line":134,"column":15},"end":{"line":136,"column":3}},"81":{"start":{"line":135,"column":4},"end":{"line":135,"column":48}}},"fnMap":{"0":{"name":"(anonymous_0)","decl":{"start":{"line":5,"column":2},"end":{"line":5,"column":3}},"loc":{"start":{"line":5,"column":16},"end":{"line":21,"column":3}},"line":5},"1":{"name":"(anonymous_1)","decl":{"start":{"line":23,"column":2},"end":{"line":23,"column":3}},"loc":{"start":{"line":23,"column":14},"end":{"line":27,"column":3}},"line":23},"2":{"name":"(anonymous_2)","decl":{"start":{"line":29,"column":2},"end":{"line":29,"column":3}},"loc":{"start":{"line":29,"column":31},"end":{"line":36,"column":3}},"line":29},"3":{"name":"(anonymous_3)","decl":{"start":{"line":31,"column":39},"end":{"line":31,"column":40}},"loc":{"start":{"line":31,"column":46},"end":{"line":31,"column":62}},"line":31},"4":{"name":"(anonymous_4)","decl":{"start":{"line":38,"column":2},"end":{"line":38,"column":3}},"loc":{"start":{"line":38,"column":15},"end":{"line":93,"column":3}},"line":38},"5":{"name":"(anonymous_5)","decl":{"start":{"line":40,"column":23},"end":{"line":40,"column":24}},"loc":{"start":{"line":40,"column":33},"end":{"line":92,"column":5}},"line":40},"6":{"name":"(anonymous_6)","decl":{"start":{"line":47,"column":41},"end":{"line":47,"column":42}},"loc":{"start":{"line":47,"column":47},"end":{"line":51,"column":7}},"line":47},"7":{"name":"(anonymous_7)","decl":{"start":{"line":53,"column":42},"end":{"line":53,"column":43}},"loc":{"start":{"line":53,"column":48},"end":{"line":55,"column":7}},"line":53},"8":{"name":"(anonymous_8)","decl":{"start":{"line":72,"column":43},"end":{"line":72,"column":44}},"loc":{"start":{"line":72,"column":50},"end":{"line":76,"column":7}},"line":72},"9":{"name":"(anonymous_9)","decl":{"start":{"line":78,"column":47},"end":{"line":78,"column":48}},"loc":{"start":{"line":78,"column":53},"end":{"line":89,"column":7}},"line":78},"10":{"name":"(anonymous_10)","decl":{"start":{"line":95,"column":2},"end":{"line":95,"column":3}},"loc":{"start":{"line":95,"column":14},"end":{"line":101,"column":3}},"line":95},"11":{"name":"(anonymous_11)","decl":{"start":{"line":98,"column":15},"end":{"line":98,"column":16}},"loc":{"start":{"line":98,"column":21},"end":{"line":100,"column":5}},"line":98},"12":{"name":"(anonymous_12)","decl":{"start":{"line":103,"column":2},"end":{"line":103,"column":3}},"loc":{"start":{"line":103,"column":16},"end":{"line":113,"column":3}},"line":103},"13":{"name":"(anonymous_13)","decl":{"start":{"line":115,"column":2},"end":{"line":115,"column":3}},"loc":{"start":{"line":115,"column":17},"end":{"line":124,"column":3}},"line":115},"14":{"name":"(anonymous_14)","decl":{"start":{"line":116,"column":39},"end":{"line":116,"column":40}},"loc":{"start":{"line":116,"column":49},"end":{"line":116,"column":63}},"line":116},"15":{"name":"(anonymous_15)","decl":{"start":{"line":126,"column":2},"end":{"line":126,"column":3}},"loc":{"start":{"line":126,"column":23},"end":{"line":132,"column":3}},"line":126},"16":{"name":"(anonymous_16)","decl":{"start":{"line":127,"column":45},"end":{"line":127,"column":46}},"loc":{"start":{"line":127,"column":55},"end":{"line":127,"column":70}},"line":127},"17":{"name":"(anonymous_17)","decl":{"start":{"line":134,"column":15},"end":{"line":134,"column":16}},"loc":{"start":{"line":134,"column":21},"end":{"line":136,"column":3}},"line":134}},"branchMap":{"0":{"loc":{"start":{"line":16,"column":4},"end":{"line":18,"column":5}},"type":"if","locations":[{"start":{"line":16,"column":4},"end":{"line":18,"column":5}},{"start":{},"end":{}}],"line":16},"1":{"loc":{"start":{"line":57,"column":6},"end":{"line":60,"column":7}},"type":"if","locations":[{"start":{"line":57,"column":6},"end":{"line":60,"column":7}},{"start":{},"end":{}}],"line":57},"2":{"loc":{"start":{"line":59,"column":29},"end":{"line":59,"column":51}},"type":"binary-expr","locations":[{"start":{"line":59,"column":29},"end":{"line":59,"column":43}},{"start":{"line":59,"column":47},"end":{"line":59,"column":51}}],"line":59},"3":{"loc":{"start":{"line":61,"column":6},"end":{"line":70,"column":7}},"type":"if","locations":[{"start":{"line":61,"column":6},"end":{"line":70,"column":7}},{"start":{},"end":{}}],"line":61},"4":{"loc":{"start":{"line":63,"column":8},"end":{"line":69,"column":9}},"type":"if","locations":[{"start":{"line":63,"column":8},"end":{"line":69,"column":9}},{"start":{"line":66,"column":15},"end":{"line":69,"column":9}}],"line":63},"5":{"loc":{"start":{"line":73,"column":8},"end":{"line":75,"column":9}},"type":"if","locations":[{"start":{"line":73,"column":8},"end":{"line":75,"column":9}},{"start":{},"end":{}}],"line":73},"6":{"loc":{"start":{"line":82,"column":8},"end":{"line":88,"column":9}},"type":"if","locations":[{"start":{"line":82,"column":8},"end":{"line":88,"column":9}},{"start":{"line":85,"column":15},"end":{"line":88,"column":9}}],"line":82},"7":{"loc":{"start":{"line":104,"column":4},"end":{"line":108,"column":5}},"type":"if","locations":[{"start":{"line":104,"column":4},"end":{"line":108,"column":5}},{"start":{"line":106,"column":11},"end":{"line":108,"column":5}}],"line":104},"8":{"loc":{"start":{"line":117,"column":4},"end":{"line":123,"column":5}},"type":"if","locations":[{"start":{"line":117,"column":4},"end":{"line":123,"column":5}},{"start":{},"end":{}}],"line":117}},"s":{"0":7,"1":7,"2":7,"3":7,"4":7,"5":7,"6":7,"7":7,"8":7,"9":7,"10":0,"11":7,"12":1,"13":1,"14":4,"15":1,"16":1,"17":1,"18":1,"19":1,"20":1,"21":12,"22":12,"23":8,"24":8,"25":8,"26":8,"27":8,"28":8,"29":1,"30":1,"31":1,"32":8,"33":0,"34":8,"35":8,"36":8,"37":8,"38":8,"39":8,"40":2,"41":2,"42":6,"43":6,"44":8,"45":0,"46":0,"47":8,"48":0,"49":0,"50":0,"51":0,"52":0,"53":0,"54":0,"55":0,"56":8,"57":1,"58":1,"59":1,"60":1,"61":1,"62":0,"63":1,"64":1,"65":1,"66":1,"67":1,"68":1,"69":1,"70":1,"71":1,"72":1,"73":1,"74":1,"75":1,"76":4,"77":1,"78":1,"79":1,"80":7,"81":1},"f":{"0":7,"1":1,"2":1,"3":1,"4":12,"5":8,"6":1,"7":0,"8":0,"9":0,"10":1,"11":1,"12":1,"13":1,"14":1,"15":1,"16":4,"17":1},"b":{"0":[0,7],"1":[8,0],"2":[8,6],"3":[8,0],"4":[2,6],"5":[0,0],"6":[0,0],"7":[0,1],"8":[1,0]},"_coverageSchema":"1a1c01bbd47fc00a2c39e90264f33305004495a9","hash":"b07855940b4cbbb1b225bb4f6bb39c9d092f50b4"}
}
