TN:
SF:src/store.js
FN:2,(anonymous_0)
FN:6,(anonymous_1)
FN:18,(anonymous_2)
FNF:3
FNH:3
FNDA:11,(anonymous_0)
FNDA:3,(anonymous_1)
FNDA:4,(anonymous_2)
DA:3,11
DA:7,3
DA:8,3
DA:9,1
DA:11,2
DA:12,2
DA:14,1
DA:19,4
DA:20,4
LF:9
LH:9
BRDA:8,0,0,1
BRDA:8,0,1,2
BRDA:8,1,0,3
BRDA:8,1,1,2
BRF:4
BRH:4
end_of_record
TN:
SF:src/task.js
FN:5,(anonymous_0)
FN:23,(anonymous_1)
FN:29,(anonymous_2)
FN:31,(anonymous_3)
FN:38,(anonymous_4)
FN:40,(anonymous_5)
FN:47,(anonymous_6)
FN:53,(anonymous_7)
FN:72,(anonymous_8)
FN:78,(anonymous_9)
FN:95,(anonymous_10)
FN:98,(anonymous_11)
FN:103,(anonymous_12)
FN:115,(anonymous_13)
FN:116,(anonymous_14)
FN:126,(anonymous_15)
FN:127,(anonymous_16)
FN:134,(anonymous_17)
FNF:18
FNH:15
FNDA:7,(anonymous_0)
FNDA:1,(anonymous_1)
FNDA:1,(anonymous_2)
FNDA:1,(anonymous_3)
FNDA:12,(anonymous_4)
FNDA:8,(anonymous_5)
FNDA:1,(anonymous_6)
FNDA:0,(anonymous_7)
FNDA:0,(anonymous_8)
FNDA:0,(anonymous_9)
FNDA:1,(anonymous_10)
FNDA:1,(anonymous_11)
FNDA:1,(anonymous_12)
FNDA:1,(anonymous_13)
FNDA:1,(anonymous_14)
FNDA:1,(anonymous_15)
FNDA:4,(anonymous_16)
FNDA:1,(anonymous_17)
DA:6,7
DA:7,7
DA:8,7
DA:9,7
DA:10,7
DA:11,7
DA:12,7
DA:13,7
DA:15,7
DA:16,7
DA:17,0
DA:20,7
DA:24,1
DA:25,4
DA:30,1
DA:31,1
DA:32,1
DA:34,1
DA:35,1
DA:39,12
DA:40,12
DA:41,8
DA:42,8
DA:43,8
DA:44,8
DA:45,8
DA:47,8
DA:48,1
DA:49,1
DA:50,1
DA:53,8
DA:54,0
DA:57,8
DA:58,8
DA:59,8
DA:61,8
DA:62,8
DA:63,8
DA:64,2
DA:65,2
DA:67,6
DA:68,6
DA:72,8
DA:73,0
DA:74,0
DA:78,8
DA:79,0
DA:80,0
DA:81,0
DA:82,0
DA:83,0
DA:84,0
DA:86,0
DA:87,0
DA:91,8
DA:96,1
DA:97,1
DA:98,1
DA:99,1
DA:104,1
DA:105,0
DA:107,1
DA:110,1
DA:111,1
DA:112,1
DA:116,1
DA:117,1
DA:118,1
DA:119,1
DA:120,1
DA:122,1
DA:127,4
DA:128,1
DA:130,1
DA:131,1
DA:134,7
DA:135,1
LF:77
LH:64
BRDA:16,0,0,0
BRDA:16,0,1,7
BRDA:57,1,0,8
BRDA:57,1,1,0
BRDA:59,2,0,8
BRDA:59,2,1,6
BRDA:61,3,0,8
BRDA:61,3,1,0
BRDA:63,4,0,2
BRDA:63,4,1,6
BRDA:73,5,0,0
BRDA:73,5,1,0
BRDA:82,6,0,0
BRDA:82,6,1,0
BRDA:104,7,0,0
BRDA:104,7,1,1
BRDA:117,8,0,1
BRDA:117,8,1,0
BRF:18
BRH:9
end_of_record
